<?xml version="1.0" encoding="UTF-8"?>
<!-- Generated by org.testng.reporters.JUnitReportReporter -->
<testsuite hostname="Natarajan" name="execution.TestSuite" tests="2" failures="0" timestamp="16 Jul 2016 17:05:50 GMT" time="11.861" errors="0">
  <testcase name="Login" time="11.490" classname="execution.TestSuite"/>
  <testcase name="Register" time="0.371" classname="execution.TestSuite"/>
</testsuite> <!-- execution.TestSuite -->
